<?xml version="1.0" encoding="UTF-8"?>
<testng-results ignored="0" total="1" passed="1" failed="0" skipped="0">
  <reporter-output>
  </reporter-output>
  <suite started-at="2024-12-19T13:38:23 IST" name="Suite" finished-at="2024-12-19T13:38:23 IST" duration-ms="41">
    <groups>
    </groups>
    <test started-at="2024-12-19T13:38:23 IST" name="Test" finished-at="2024-12-19T13:38:23 IST" duration-ms="41">
      <class name="cicd.FirstCICD">
        <test-method signature="testJava()[pri:0, instance:cicd.FirstCICD@25fb8912]" started-at="2024-12-19T13:38:23 IST" name="testJava" finished-at="2024-12-19T13:38:23 IST" duration-ms="8" status="PASS">
          <reporter-output>
          </reporter-output>
        </test-method> <!-- testJava -->
      </class> <!-- cicd.FirstCICD -->
    </test> <!-- Test -->
  </suite> <!-- Suite -->
</testng-results>
